Run mkdir -p ~/private_keys
/opt/homebrew/lib/ruby/gems/3.3.0/gems/highline-2.0.3/lib/highline/import.rb:10: warning: abbrev was loaded from the standard library, but will no longer be part of the default gems starting from Ruby 3.4.0.
You can add abbrev to your Gemfile or gemspec to silence this warning.
[20:21:13]: Sending anonymous analytics information
[20:21:13]: Learn more at https://docs.fastlane.tools/#metrics
[20:21:13]: No personal or sensitive data is sent.
[20:21:13]: You can disable this by adding `opt_out_usage` at the top of your Fastfile
[20:21:13]: ------------------------------
[20:21:13]: --- Step: default_platform ---
[20:21:13]: ------------------------------
[20:21:13]: Driving the lane 'ios beta' ðŸš€
[20:21:13]: -----------------------
[20:21:13]: --- Step: build_app ---
[20:21:13]: -----------------------
[20:21:14]: Resolving Swift Package Manager dependencies...
[20:21:14]: $ xcodebuild -resolvePackageDependencies -workspace App.xcworkspace -scheme App -configuration Release
[20:21:15]: â–¸ Command line invocation:
[20:21:15]: â–¸     /Applications/Xcode_15.4.app/Contents/Developer/usr/bin/xcodebuild -resolvePackageDependencies -workspace App.xcworkspace -scheme App -configuration Release
[20:21:15]: â–¸ User defaults from command line:
[20:21:15]: â–¸     IDEPackageSupportUseBuiltinSCM = YES
[20:21:15]: â–¸ resolved source packages: 
[20:21:15]: $ xcodebuild -showBuildSettings -workspace App.xcworkspace -scheme App -configuration Release 2>&1
[20:21:18]: Command timed out after 3 seconds on try 1 of 4, trying again with a 6 second timeout...

+--------------------------------------------------------------------------------------------------+
|                                     Summary for gym 2.228.0                                      |
+--------------------------------------+-----------------------------------------------------------+
| workspace                            | App.xcworkspace                                           |
| scheme                               | App                                                       |
| configuration                        | Release                                                   |
| export_method                        | app-store                                                 |
| clean                                | false                                                     |
| output_directory                     | .                                                         |
| output_name                          | App                                                       |
| silent                               | false                                                     |
| skip_package_ipa                     | false                                                     |
| skip_package_pkg                     | false                                                     |
| build_path                           | /Users/runner/Library/Developer/Xcode/Archives/2025-07-08 |
| result_bundle                        | false                                                     |
| buildlog_path                        | ~/Library/Logs/gym                                        |
| destination                          | generic/platform=iOS                                      |
| xcodebuild_formatter                 | xcbeautify                                                |
| build_timing_summary                 | false                                                     |
| skip_profile_detection               | false                                                     |
| xcodebuild_command                   | xcodebuild                                                |
| skip_package_dependencies_resolution | false                                                     |
| disable_package_automatic_updates    | false                                                     |
| use_system_scm                       | false                                                     |
| xcode_path                           | /Applications/Xcode_15.4.app                              |
+--------------------------------------+-----------------------------------------------------------+

[20:21:21]: $ set -o pipefail && xcodebuild -workspace App.xcworkspace -scheme App -configuration Release -destination 'generic/platform=iOS' -archivePath /Users/runner/Library/Developer/Xcode/Archives/2025-07-08/App\ 2025-07-08\ 20.21.21.xcarchive archive | tee /Users/runner/Library/Logs/gym/App-App.log | xcbeautify
[20:21:21]: â–¸ ----- xcbeautify -----
[20:21:21]: â–¸ Version: 2.28.0
[20:21:21]: â–¸ ----------------------
[20:21:23]: â–¸ note: Building targets in dependency order
[20:21:23]: â–¸ note: Target dependency graph (4 targets)
[20:21:29]: â–¸ ** ARCHIVE FAILED **
[20:21:29]: â–¸ ::error file=/Users/runner/work/startsmart-ios-app-fix/startsmart-ios-app-fix/ios/App/App.xcodeproj::No profiles for 'ai.nextax.startsmart' were found: Xcode couldn't find any iOS App Development provisioning profiles matching 'ai.nextax.startsmart'. Automatic signing is disabled and unable to generate a profile. To enable automatic signing, pass -allowProvisioningUpdates to xcodebuild. (in target 'App' from project 'App')
[20:21:29]: â–¸ warning: Run script build phase '[CP] Embed Pods Frameworks' will be run during every build because it does not specify any outputs. To address this warning, either add output dependencies to the script phase, or configure it to run in every build by unchecking "Based on dependency analysis" in the script phase. (in target 'App' from project 'App')
[20:21:29]: Exit status: 65
[20:21:29]: 
[20:21:29]: Maybe the error shown is caused by using the wrong version of Xcode
[20:21:29]: Found multiple versions of Xcode in '/Applications/'
[20:21:29]: Make sure you selected the right version for your project
[20:21:29]: This build process was executed using '/Applications/Xcode_15.4.app'
[20:21:29]: If you want to update your Xcode path, either
[20:21:29]: 
[20:21:29]: - Specify the Xcode version in your Fastfile
[20:21:29]: â–¸ xcversion(version: "8.1") # Selects Xcode 8.1.0
[20:21:29]: 
[20:21:29]: - Specify an absolute path to your Xcode installation in your Fastfile
[20:21:29]: â–¸ xcode_select "/Applications/Xcode8.app"
[20:21:29]: 
[20:21:29]: - Manually update the path using
[20:21:29]: â–¸ sudo xcode-select -s /Applications/Xcode.app
[20:21:29]: 

+----------------------------------------------+
|              Build environment               |
+---------------+------------------------------+
| xcode_path    | /Applications/Xcode_15.4.app |
| gym_version   | 2.228.0                      |
| export_method | app-store                    |
| sdk           | iPhoneOS17.5.sdk             |
+---------------+------------------------------+

[20:21:29]: â–¸ Build description signature: b2602e5383d2b8dfb7afdb1ffed9de18
[20:21:29]: â–¸ Build description path: /Users/runner/Library/Developer/Xcode/DerivedData/App-fnusszuxkqgpddereyasheezyvjh/Build/Intermediates.noindex/ArchiveIntermediates/App/IntermediateBuildFilesPath/XCBuildData/b2602e5383d2b8dfb7afdb1ffed9de18.xcbuilddata
[20:21:29]: â–¸ /Users/runner/work/startsmart-ios-app-fix/startsmart-ios-app-fix/ios/App/App.xcodeproj: error: No profiles for 'ai.nextax.startsmart' were found: Xcode couldn't find any iOS App Development provisioning profiles matching 'ai.nextax.startsmart'. Automatic signing is disabled and unable to generate a profile. To enable automatic signing, pass -allowProvisioningUpdates to xcodebuild. (in target 'App' from project 'App')
[20:21:29]: â–¸ warning: Run script build phase '[CP] Embed Pods Frameworks' will be run during every build because it does not specify any outputs. To address this warning, either add output dependencies to the script phase, or configure it to run in every build by unchecking "Based on dependency analysis" in the script phase. (in target 'App' from project 'App')
[20:21:29]: 
[20:21:29]: â¬†ï¸  Check out the few lines of raw `xcodebuild` output above for potential hints on how to solve this error
[20:21:29]: ðŸ“‹  For the complete and more detailed error log, check the full log at:
[20:21:29]: ðŸ“‹  /Users/runner/Library/Logs/gym/App-App.log
[20:21:29]: 
[20:21:29]: Looks like fastlane ran into a build/archive error with your project
[20:21:29]: It's hard to tell what's causing the error, so we wrote some guides on how
[20:21:29]: to troubleshoot build and signing issues: https://docs.fastlane.tools/codesigning/getting-started/
[20:21:29]: Before submitting an issue on GitHub, please follow the guide above and make
[20:21:29]: sure your project is set up correctly.
[20:21:29]: fastlane uses `xcodebuild` commands to generate your binary, you can see the
[20:21:29]: the full commands printed out in yellow in the above log.
[20:21:29]: Make sure to inspect the output above, as usually you'll find more error information there
[20:21:29]: 
+-----------------------------+
|        Lane Context         |
+------------------+----------+
| DEFAULT_PLATFORM | ios      |
| PLATFORM_NAME    | ios      |
| LANE_NAME        | ios beta |
+------------------+----------+
[20:21:29]: Called from Fastfile at line 5
[20:21:29]: ```
[20:21:29]:     3:	platform :ios do
[20:21:29]:     4:	  lane :beta do
[20:21:29]:  => 5:	    build_app(
[20:21:29]:     6:	      workspace: "App.xcworkspace",
[20:21:29]:     7:	      scheme: "App",
[20:21:29]: ```
[20:21:29]: Error building the application - see the log above

+---------------------------------------+
|           fastlane summary            |
+------+------------------+-------------+
| Step | Action           | Time (in s) |
+------+------------------+-------------+
| 1    | default_platform | 0           |
| ðŸ’¥   | build_app        | 15          |
+------+------------------+-------------+


[!] Error building the application - see the log above
[20:21:29]: fastlane finished with errors
Error: Process completed with exit code 1.
0s
