##[debug]Evaluating: secrets.APP_STORE_CONNECT_API_KEY_ID
##[debug]Evaluating Index:
##[debug]..Evaluating secrets:
##[debug]..=> Object
##[debug]..Evaluating String:
##[debug]..=> 'APP_STORE_CONNECT_API_KEY_ID'
##[debug]=> '***'
##[debug]Result: '***'
##[debug]Evaluating: secrets.APP_STORE_CONNECT_ISSUER_ID
##[debug]Evaluating Index:
##[debug]..Evaluating secrets:
##[debug]..=> Object
##[debug]..Evaluating String:
##[debug]..=> 'APP_STORE_CONNECT_ISSUER_ID'
##[debug]=> '***'
##[debug]Result: '***'
##[debug]Evaluating: format('~/private_keys/AuthKey_{0}.p8', secrets.APP_STORE_CONNECT_API_KEY_ID)
##[debug]Evaluating format:
##[debug]..Evaluating String:
##[debug]..=> '~/private_keys/AuthKey_{0}.p8'
##[debug]..Evaluating Index:
##[debug]....Evaluating secrets:
##[debug]....=> Object
##[debug]....Evaluating String:
##[debug]....=> 'APP_STORE_CONNECT_API_KEY_ID'
##[debug]..=> '***'
##[debug]=> '~/private_keys/AuthKey_***.p8'
##[debug]Result: '~/private_keys/AuthKey_***.p8'
##[debug]Evaluating: secrets.TEAM_ID
##[debug]Evaluating Index:
##[debug]..Evaluating secrets:
##[debug]..=> Object
##[debug]..Evaluating String:
##[debug]..=> 'TEAM_ID'
##[debug]=> '*** '
##[debug]Result: '*** '
##[debug]Evaluating condition for step: 'Deploy'
##[debug]Evaluating: success()
##[debug]Evaluating success:
##[debug]=> true
##[debug]Result: true
##[debug]Starting: Deploy
##[debug]Loading inputs
##[debug]Evaluating: format('mkdir -p ~/private_keys
##[debug]echo "{0}" | base64 --decode > ~/private_keys/AuthKey_{1}.p8
##[debug]cd ios/App
##[debug]bundle exec fastlane ios beta
##[debug]', secrets.APP_STORE_CONNECT_API_KEY, secrets.APP_STORE_CONNECT_API_KEY_ID)
##[debug]Evaluating format:
##[debug]..Evaluating String:
##[debug]..=> 'mkdir -p ~/private_keys
##[debug]echo "{0}" | base64 --decode > ~/private_keys/AuthKey_{1}.p8
##[debug]cd ios/App
##[debug]bundle exec fastlane ios beta
##[debug]'
##[debug]..Evaluating Index:
##[debug]....Evaluating secrets:
##[debug]....=> Object
##[debug]....Evaluating String:
##[debug]....=> 'APP_STORE_CONNECT_API_KEY'
##[debug]..=> '***
##[debug]***
##[debug]***
##[debug]***
##[debug]***
##[debug]***
##[debug]'
##[debug]..Evaluating Index:
##[debug]....Evaluating secrets:
##[debug]....=> Object
##[debug]....Evaluating String:
##[debug]....=> 'APP_STORE_CONNECT_API_KEY_ID'
##[debug]..=> '***'
##[debug]=> 'mkdir -p ~/private_keys
##[debug]echo "***
##[debug]***
##[debug]***
##[debug]***
##[debug]***
##[debug]***
##[debug]" | base64 --decode > ~/private_keys/AuthKey_***.p8
##[debug]cd ios/App
##[debug]bundle exec fastlane ios beta
##[debug]'
##[debug]Result: 'mkdir -p ~/private_keys
##[debug]echo "***
##[debug]***
##[debug]***
##[debug]***
##[debug]***
##[debug]***
##[debug]" | base64 --decode > ~/private_keys/AuthKey_***.p8
##[debug]cd ios/App
##[debug]bundle exec fastlane ios beta
##[debug]'
##[debug]Loading env
Run mkdir -p ~/private_keys
##[debug]/bin/bash -e /Users/runner/work/_temp/2ff1acad-964a-49fb-8264-a1b5a170de0b.sh
[19:10:19]: Sending anonymous analytics information
[19:10:19]: Learn more at https://docs.fastlane.tools/#metrics
[19:10:19]: No personal or sensitive data is sent.
[19:10:19]: You can disable this by adding `opt_out_usage` at the top of your Fastfile
[19:10:19]: ------------------------------
[19:10:19]: --- Step: default_platform ---
[19:10:19]: ------------------------------
[19:10:19]: Driving the lane 'ios beta' ğŸš€
[19:10:20]: -----------------------
[19:10:20]: --- Step: build_app ---
[19:10:20]: -----------------------
[19:10:20]: Resolving Swift Package Manager dependencies...
[19:10:20]: $ xcodebuild -resolvePackageDependencies -workspace App.xcworkspace -scheme App -configuration Release
[19:10:23]: â–¸ Command line invocation:
[19:10:23]: â–¸     /Applications/Xcode_15.4.app/Contents/Developer/usr/bin/xcodebuild -resolvePackageDependencies -workspace App.xcworkspace -scheme App -configuration Release
[19:10:23]: â–¸ User defaults from command line:
[19:10:23]: â–¸     IDEPackageSupportUseBuiltinSCM = YES
[19:10:24]: â–¸ resolved source packages: 
[19:10:24]: $ xcodebuild -showBuildSettings -workspace App.xcworkspace -scheme App -configuration Release 2>&1
[19:10:27]: Command timed out after 3 seconds on try 1 of 4, trying again with a 6 second timeout...

+--------------------------------------------------------------------------------------------------+
|                                     Summary for gym 2.228.0                                      |
+--------------------------------------+-----------------------------------------------------------+
| workspace                            | App.xcworkspace                                           |
| scheme                               | App                                                       |
| configuration                        | Release                                                   |
| export_method                        | app-store                                                 |
| clean                                | false                                                     |
| output_directory                     | .                                                         |
| output_name                          | App                                                       |
| silent                               | false                                                     |
| skip_package_ipa                     | false                                                     |
| skip_package_pkg                     | false                                                     |
| build_path                           | /Users/runner/Library/Developer/Xcode/Archives/2025-07-08 |
| result_bundle                        | false                                                     |
| buildlog_path                        | ~/Library/Logs/gym                                        |
| destination                          | generic/platform=iOS                                      |
| xcodebuild_formatter                 | xcbeautify                                                |
| build_timing_summary                 | false                                                     |
| skip_profile_detection               | false                                                     |
| xcodebuild_command                   | xcodebuild                                                |
| skip_package_dependencies_resolution | false                                                     |
| disable_package_automatic_updates    | false                                                     |
| use_system_scm                       | false                                                     |
| xcode_path                           | /Applications/Xcode_15.4.app                              |
+--------------------------------------+-----------------------------------------------------------+

[19:10:33]: $ set -o pipefail && xcodebuild -workspace App.xcworkspace -scheme App -configuration Release -destination 'generic/platform=iOS' -archivePath /Users/runner/Library/Developer/Xcode/Archives/2025-07-08/App\ 2025-07-08\ 19.10.33.xcarchive archive | tee /Users/runner/Library/Logs/gym/App-App.log | xcbeautify
[19:10:33]: â–¸ ----- xcbeautify -----
[19:10:33]: â–¸ Version: 2.28.0
[19:10:33]: â–¸ ----------------------
[19:10:37]: â–¸ note: Building targets in dependency order
[19:10:37]: â–¸ note: Target dependency graph (4 targets)
[19:10:45]: â–¸ ** ARCHIVE FAILED **
[19:10:45]: â–¸ ::error file=/Users/runner/work/startsmart-ios-app-fix/startsmart-ios-app-fix/ios/App/App.xcodeproj::Signing for "App" requires a development team. Select a development team in the Signing & Capabilities editor. (in target 'App' from project 'App')
[19:10:45]: â–¸ warning: Run script build phase '[CP] Embed Pods Frameworks' will be run during every build because it does not specify any outputs. To address this warning, either add output dependencies to the script phase, or configure it to run in every build by unchecking "Based on dependency analysis" in the script phase. (in target 'App' from project 'App')
[19:10:45]: Exit status: 65
[19:10:45]: 
[19:10:45]: Maybe the error shown is caused by using the wrong version of Xcode
[19:10:45]: Found multiple versions of Xcode in '/Applications/'
[19:10:45]: Make sure you selected the right version for your project
[19:10:45]: This build process was executed using '/Applications/Xcode_15.4.app'
[19:10:45]: If you want to update your Xcode path, either

[19:10:45]: 
[!] Error building the application - see the log above
[19:10:45]: - Specify the Xcode version in your Fastfile
[19:10:45]: â–¸ xcversion(version: "8.1") # Selects Xcode 8.1.0
[19:10:45]: 
[19:10:45]: - Specify an absolute path to your Xcode installation in your Fastfile
[19:10:45]: â–¸ xcode_select "/Applications/Xcode8.app"
[19:10:45]: 
[19:10:45]: - Manually update the path using
[19:10:45]: â–¸ sudo xcode-select -s /Applications/Xcode.app
[19:10:45]: 

+----------------------------------------------+
|              Build environment               |
+---------------+------------------------------+
| xcode_path    | /Applications/Xcode_15.4.app |
| gym_version   | 2.228.0                      |
| export_method | app-store                    |
| sdk           | iPhoneOS17.5.sdk             |
+---------------+------------------------------+

[19:10:45]: â–¸ Build description signature: b846f63fef34e75feb8663729840d2ac
[19:10:45]: â–¸ Build description path: /Users/runner/Library/Developer/Xcode/DerivedData/App-fnusszuxkqgpddereyasheezyvjh/Build/Intermediates.noindex/ArchiveIntermediates/App/IntermediateBuildFilesPath/XCBuildData/b846f63fef34e75feb8663729840d2ac.xcbuilddata
[19:10:45]: â–¸ /Users/runner/work/startsmart-ios-app-fix/startsmart-ios-app-fix/ios/App/App.xcodeproj: error: Signing for "App" requires a development team. Select a development team in the Signing & Capabilities editor. (in target 'App' from project 'App')
[19:10:45]: â–¸ warning: Run script build phase '[CP] Embed Pods Frameworks' will be run during every build because it does not specify any outputs. To address this warning, either add output dependencies to the script phase, or configure it to run in every build by unchecking "Based on dependency analysis" in the script phase. (in target 'App' from project 'App')
[19:10:45]: 
[19:10:45]: â¬†ï¸  Check out the few lines of raw `xcodebuild` output above for potential hints on how to solve this error
[19:10:45]: ğŸ“‹  For the complete and more detailed error log, check the full log at:
[19:10:45]: ğŸ“‹  /Users/runner/Library/Logs/gym/App-App.log
[19:10:45]: 
[19:10:45]: Looks like fastlane ran into a build/archive error with your project
[19:10:45]: It's hard to tell what's causing the error, so we wrote some guides on how
[19:10:45]: to troubleshoot build and signing issues: https://docs.fastlane.tools/codesigning/getting-started/
[19:10:45]: Before submitting an issue on GitHub, please follow the guide above and make
[19:10:45]: sure your project is set up correctly.
[19:10:45]: fastlane uses `xcodebuild` commands to generate your binary, you can see the
[19:10:45]: the full commands printed out in yellow in the above log.
[19:10:45]: Make sure to inspect the output above, as usually you'll find more error information there
[19:10:45]: 
+-----------------------------+
|        Lane Context         |
+------------------+----------+
| DEFAULT_PLATFORM | ios      |
| PLATFORM_NAME    | ios      |
| LANE_NAME        | ios beta |
+------------------+----------+
[19:10:45]: Called from Fastfile at line 4
[19:10:45]: ```
[19:10:45]:     2:	platform :ios do
[19:10:45]:     3:	  lane :beta do
[19:10:45]:  => 4:	    build_app(workspace: "App.xcworkspace", scheme: "App", configuration: "Release", export_method: "app-store")
[19:10:45]:     5:	    upload_to_testflight(api_key: { key_id: ENV["APP_STORE_CONNECT_API_KEY_ID"], issuer_id: ENV["APP_STORE_CONNECT_ISSUER_ID"], key_filepath: ENV["APP_STORE_CONNECT_API_KEY_PATH"] }, skip_waiting_for_build_processing: true)
[19:10:45]:     6:	  end
[19:10:45]: ```
[19:10:45]: Error building the application - see the log above

+---------------------------------------+
|           fastlane summary            |
+------+------------------+-------------+
| Step | Action           | Time (in s) |
+------+------------------+-------------+
| 1    | default_platform | 0           |
| ğŸ’¥   | build_app        | 25          |
+------+------------------+-------------+

[19:10:45]: fastlane finished with errors
Error: Process completed with exit code 1.
##[debug]Finishing: Deploy
0s
##[debug]Evaluating condition for step: 'Post Run actions/setup-node@v4'
##[debug]Evaluating: success()
##[debug]Evaluating success:
##[debug]=> false
##[debug]Result: false
2s
